0 info it worked if it ends with ok
1 verbose cli [ '/usr/bin/nodejs',
1 verbose cli   '/usr/bin/npm',
1 verbose cli   'install',
1 verbose cli   'express-generator',
1 verbose cli   '-g',
1 verbose cli   '--save' ]
2 info using npm@3.5.2
3 info using node@v4.2.6
4 silly loadCurrentTree Starting
5 silly install loadCurrentTree
6 silly install readGlobalPackageData
7 silly fetchPackageMetaData express-generator
8 silly fetchNamedPackageData express-generator
9 silly mapToRegistry name express-generator
10 silly mapToRegistry using default registry
11 silly mapToRegistry registry https://registry.npmjs.org/
12 silly mapToRegistry uri https://registry.npmjs.org/express-generator
13 verbose request uri https://registry.npmjs.org/express-generator
14 verbose request no auth needed
15 info attempt registry request try #1 at 10:16:45 AM
16 verbose request id cf410082af8f12e6
17 http request GET https://registry.npmjs.org/express-generator
18 http 200 https://registry.npmjs.org/express-generator
19 verbose headers { 'content-type': 'application/json; charset=UTF-8',
19 verbose headers   server: 'UploadServer',
19 verbose headers   'cache-control': 'max-age=300',
19 verbose headers   'last-modified': 'Mon, 4 Dec 2017 19:26:28 GMT',
19 verbose headers   etag: '"5a25a164-a95d"',
19 verbose headers   'content-length': '43357',
19 verbose headers   'accept-ranges': 'bytes',
19 verbose headers   date: 'Tue, 12 Dec 2017 15:16:42 GMT',
19 verbose headers   via: '1.1 varnish',
19 verbose headers   age: '2214',
19 verbose headers   connection: 'keep-alive',
19 verbose headers   'x-served-by': 'cache-mia17625-MIA',
19 verbose headers   'x-cache': 'HIT',
19 verbose headers   'x-cache-hits': '1',
19 verbose headers   'x-timer': 'S1513091803.989366,VS0,VE1',
19 verbose headers   vary: 'Accept-Encoding, Accept' }
20 silly get cb [ 200,
20 silly get   { 'content-type': 'application/json; charset=UTF-8',
20 silly get     server: 'UploadServer',
20 silly get     'cache-control': 'max-age=300',
20 silly get     'last-modified': 'Mon, 4 Dec 2017 19:26:28 GMT',
20 silly get     etag: '"5a25a164-a95d"',
20 silly get     'content-length': '43357',
20 silly get     'accept-ranges': 'bytes',
20 silly get     date: 'Tue, 12 Dec 2017 15:16:42 GMT',
20 silly get     via: '1.1 varnish',
20 silly get     age: '2214',
20 silly get     connection: 'keep-alive',
20 silly get     'x-served-by': 'cache-mia17625-MIA',
20 silly get     'x-cache': 'HIT',
20 silly get     'x-cache-hits': '1',
20 silly get     'x-timer': 'S1513091803.989366,VS0,VE1',
20 silly get     vary: 'Accept-Encoding, Accept' } ]
21 verbose get saving express-generator to /home/aldair/.npm/registry.npmjs.org/express-generator/.cache.json
22 silly install normalizeTree
23 silly loadCurrentTree Finishing
24 silly loadIdealTree Starting
25 silly install loadIdealTree
26 silly cloneCurrentTree Starting
27 silly install cloneCurrentTreeToIdealTree
28 silly cloneCurrentTree Finishing
29 silly loadShrinkwrap Starting
30 silly install loadShrinkwrap
31 silly loadShrinkwrap Finishing
32 silly loadAllDepsIntoIdealTree Starting
33 silly install loadAllDepsIntoIdealTree
34 silly resolveWithNewModule express-generator@4.15.5 checking installable status
35 silly cache add args [ 'express-generator', null ]
36 verbose cache add spec express-generator
37 silly cache add parsed spec Result {
37 silly cache add   raw: 'express-generator',
37 silly cache add   scope: null,
37 silly cache add   name: 'express-generator',
37 silly cache add   rawSpec: '',
37 silly cache add   spec: 'latest',
37 silly cache add   type: 'tag' }
38 silly addNamed express-generator@latest
39 verbose addNamed "latest" is being treated as a dist-tag for express-generator
40 info addNameTag [ 'express-generator', 'latest' ]
41 silly mapToRegistry name express-generator
42 silly mapToRegistry using default registry
43 silly mapToRegistry registry https://registry.npmjs.org/
44 silly mapToRegistry uri https://registry.npmjs.org/express-generator
45 verbose addNameTag registry:https://registry.npmjs.org/express-generator not in flight; fetching
46 verbose get https://registry.npmjs.org/express-generator not expired, no request
47 silly addNameTag next cb for express-generator with tag latest
48 silly addNamed express-generator@4.15.5
49 verbose addNamed "4.15.5" is a plain semver version for express-generator
50 silly mapToRegistry name express-generator
51 silly mapToRegistry using default registry
52 silly mapToRegistry registry https://registry.npmjs.org/
53 silly mapToRegistry uri https://registry.npmjs.org/express-generator
54 verbose addRemoteTarball https://registry.npmjs.org/express-generator/-/express-generator-4.15.5.tgz not in flight; adding
55 verbose addRemoteTarball [ 'https://registry.npmjs.org/express-generator/-/express-generator-4.15.5.tgz',
55 verbose addRemoteTarball   '4e86ffe6cedb31126a2bf1dac01bd1795da6f978' ]
56 info retry fetch attempt 1 at 10:16:47 AM
57 info attempt registry request try #1 at 10:16:47 AM
58 http fetch GET https://registry.npmjs.org/express-generator/-/express-generator-4.15.5.tgz
59 info retry will retry, error on last attempt: Error: connect ETIMEDOUT 151.101.4.162:443
60 info attempt registry request try #2 at 10:19:06 AM
61 http fetch GET https://registry.npmjs.org/express-generator/-/express-generator-4.15.5.tgz
62 http fetch 200 https://registry.npmjs.org/express-generator/-/express-generator-4.15.5.tgz
63 silly fetchAndShaCheck shasum 4e86ffe6cedb31126a2bf1dac01bd1795da6f978
64 verbose addTmpTarball /tmp/npm-4221-922b3355/registry.npmjs.org/express-generator/-/express-generator-4.15.5.tgz not in flight; adding
65 verbose addTmpTarball already have metadata; skipping unpack for express-generator@4.15.5
66 silly cache afterAdd express-generator@4.15.5
67 verbose afterAdd /home/aldair/.npm/express-generator/4.15.5/package/package.json not in flight; writing
68 verbose afterAdd /home/aldair/.npm/express-generator/4.15.5/package/package.json written
69 silly fetchNamedPackageData commander
70 silly mapToRegistry name commander
71 silly mapToRegistry using default registry
72 silly mapToRegistry registry https://registry.npmjs.org/
73 silly mapToRegistry uri https://registry.npmjs.org/commander
74 silly fetchNamedPackageData ejs
75 silly mapToRegistry name ejs
76 silly mapToRegistry using default registry
77 silly mapToRegistry registry https://registry.npmjs.org/
78 silly mapToRegistry uri https://registry.npmjs.org/ejs
79 silly fetchNamedPackageData mkdirp
80 silly mapToRegistry name mkdirp
81 silly mapToRegistry using default registry
82 silly mapToRegistry registry https://registry.npmjs.org/
83 silly mapToRegistry uri https://registry.npmjs.org/mkdirp
84 silly fetchNamedPackageData sorted-object
85 silly mapToRegistry name sorted-object
86 silly mapToRegistry using default registry
87 silly mapToRegistry registry https://registry.npmjs.org/
88 silly mapToRegistry uri https://registry.npmjs.org/sorted-object
89 verbose request uri https://registry.npmjs.org/commander
90 verbose request no auth needed
91 info attempt registry request try #1 at 10:19:10 AM
92 http request GET https://registry.npmjs.org/commander
93 verbose request uri https://registry.npmjs.org/ejs
94 verbose request no auth needed
95 info attempt registry request try #1 at 10:19:10 AM
96 http request GET https://registry.npmjs.org/ejs
97 verbose request uri https://registry.npmjs.org/mkdirp
98 verbose request no auth needed
99 info attempt registry request try #1 at 10:19:10 AM
100 http request GET https://registry.npmjs.org/mkdirp
101 verbose request uri https://registry.npmjs.org/sorted-object
102 verbose request no auth needed
103 info attempt registry request try #1 at 10:19:10 AM
104 http request GET https://registry.npmjs.org/sorted-object
105 http 200 https://registry.npmjs.org/ejs
106 verbose headers { 'content-type': 'application/json; charset=UTF-8',
106 verbose headers   server: 'UploadServer',
106 verbose headers   'cache-control': 'max-age=300',
106 verbose headers   'last-modified': 'Sat, 9 Dec 2017 23:29:15 GMT',
106 verbose headers   etag: '"5a2c71cb-11479"',
106 verbose headers   'content-length': '70777',
106 verbose headers   'accept-ranges': 'bytes',
106 verbose headers   date: 'Tue, 12 Dec 2017 15:19:07 GMT',
106 verbose headers   via: '1.1 varnish',
106 verbose headers   age: '8353',
106 verbose headers   connection: 'keep-alive',
106 verbose headers   'x-served-by': 'cache-mia17633-MIA',
106 verbose headers   'x-cache': 'HIT',
106 verbose headers   'x-cache-hits': '1',
106 verbose headers   'x-timer': 'S1513091947.204372,VS0,VE1',
106 verbose headers   vary: 'Accept-Encoding, Accept' }
107 silly get cb [ 200,
107 silly get   { 'content-type': 'application/json; charset=UTF-8',
107 silly get     server: 'UploadServer',
107 silly get     'cache-control': 'max-age=300',
107 silly get     'last-modified': 'Sat, 9 Dec 2017 23:29:15 GMT',
107 silly get     etag: '"5a2c71cb-11479"',
107 silly get     'content-length': '70777',
107 silly get     'accept-ranges': 'bytes',
107 silly get     date: 'Tue, 12 Dec 2017 15:19:07 GMT',
107 silly get     via: '1.1 varnish',
107 silly get     age: '8353',
107 silly get     connection: 'keep-alive',
107 silly get     'x-served-by': 'cache-mia17633-MIA',
107 silly get     'x-cache': 'HIT',
107 silly get     'x-cache-hits': '1',
107 silly get     'x-timer': 'S1513091947.204372,VS0,VE1',
107 silly get     vary: 'Accept-Encoding, Accept' } ]
108 verbose get saving ejs to /home/aldair/.npm/registry.npmjs.org/ejs/.cache.json
109 silly resolveWithNewModule ejs@2.5.7 checking installable status
110 silly cache add args [ 'ejs@2.5.7', null ]
111 verbose cache add spec ejs@2.5.7
112 silly cache add parsed spec Result {
112 silly cache add   raw: 'ejs@2.5.7',
112 silly cache add   scope: null,
112 silly cache add   name: 'ejs',
112 silly cache add   rawSpec: '2.5.7',
112 silly cache add   spec: '2.5.7',
112 silly cache add   type: 'version' }
113 silly addNamed ejs@2.5.7
114 verbose addNamed "2.5.7" is a plain semver version for ejs
115 silly mapToRegistry name ejs
116 silly mapToRegistry using default registry
117 silly mapToRegistry registry https://registry.npmjs.org/
118 silly mapToRegistry uri https://registry.npmjs.org/ejs
119 verbose addNameVersion registry:https://registry.npmjs.org/ejs not in flight; fetching
120 verbose get https://registry.npmjs.org/ejs not expired, no request
121 silly mapToRegistry name ejs
122 silly mapToRegistry using default registry
123 silly mapToRegistry registry https://registry.npmjs.org/
124 silly mapToRegistry uri https://registry.npmjs.org/ejs
125 verbose addRemoteTarball https://registry.npmjs.org/ejs/-/ejs-2.5.7.tgz not in flight; adding
126 verbose addRemoteTarball [ 'https://registry.npmjs.org/ejs/-/ejs-2.5.7.tgz',
126 verbose addRemoteTarball   'cc872c168880ae3c7189762fd5ffc00896c9518a' ]
127 info retry fetch attempt 1 at 10:19:11 AM
128 info attempt registry request try #1 at 10:19:11 AM
129 http fetch GET https://registry.npmjs.org/ejs/-/ejs-2.5.7.tgz
130 http 200 https://registry.npmjs.org/mkdirp
131 verbose headers { 'content-type': 'application/json; charset=UTF-8',
131 verbose headers   server: 'UploadServer',
131 verbose headers   'cache-control': 'max-age=300',
131 verbose headers   'last-modified': 'Sun, 10 Dec 2017 21:44:08 GMT',
131 verbose headers   etag: '"5a2daaa8-6920"',
131 verbose headers   'content-length': '26912',
131 verbose headers   'accept-ranges': 'bytes',
131 verbose headers   date: 'Tue, 12 Dec 2017 15:19:10 GMT',
131 verbose headers   via: '1.1 varnish',
131 verbose headers   age: '5571',
131 verbose headers   connection: 'keep-alive',
131 verbose headers   'x-served-by': 'cache-mia17633-MIA',
131 verbose headers   'x-cache': 'HIT',
131 verbose headers   'x-cache-hits': '2',
131 verbose headers   'x-timer': 'S1513091950.290414,VS0,VE0',
131 verbose headers   vary: 'Accept-Encoding, Accept' }
132 silly get cb [ 200,
132 silly get   { 'content-type': 'application/json; charset=UTF-8',
132 silly get     server: 'UploadServer',
132 silly get     'cache-control': 'max-age=300',
132 silly get     'last-modified': 'Sun, 10 Dec 2017 21:44:08 GMT',
132 silly get     etag: '"5a2daaa8-6920"',
132 silly get     'content-length': '26912',
132 silly get     'accept-ranges': 'bytes',
132 silly get     date: 'Tue, 12 Dec 2017 15:19:10 GMT',
132 silly get     via: '1.1 varnish',
132 silly get     age: '5571',
132 silly get     connection: 'keep-alive',
132 silly get     'x-served-by': 'cache-mia17633-MIA',
132 silly get     'x-cache': 'HIT',
132 silly get     'x-cache-hits': '2',
132 silly get     'x-timer': 'S1513091950.290414,VS0,VE0',
132 silly get     vary: 'Accept-Encoding, Accept' } ]
133 verbose get saving mkdirp to /home/aldair/.npm/registry.npmjs.org/mkdirp/.cache.json
134 silly resolveWithNewModule mkdirp@0.5.1 checking installable status
135 silly cache add args [ 'mkdirp@0.5.1', null ]
136 verbose cache add spec mkdirp@0.5.1
137 silly cache add parsed spec Result {
137 silly cache add   raw: 'mkdirp@0.5.1',
137 silly cache add   scope: null,
137 silly cache add   name: 'mkdirp',
137 silly cache add   rawSpec: '0.5.1',
137 silly cache add   spec: '0.5.1',
137 silly cache add   type: 'version' }
138 silly addNamed mkdirp@0.5.1
139 verbose addNamed "0.5.1" is a plain semver version for mkdirp
140 silly mapToRegistry name mkdirp
141 silly mapToRegistry using default registry
142 silly mapToRegistry registry https://registry.npmjs.org/
143 silly mapToRegistry uri https://registry.npmjs.org/mkdirp
144 verbose addNameVersion registry:https://registry.npmjs.org/mkdirp not in flight; fetching
145 verbose get https://registry.npmjs.org/mkdirp not expired, no request
146 silly mapToRegistry name mkdirp
147 silly mapToRegistry using default registry
148 silly mapToRegistry registry https://registry.npmjs.org/
149 silly mapToRegistry uri https://registry.npmjs.org/mkdirp
150 verbose addRemoteTarball https://registry.npmjs.org/mkdirp/-/mkdirp-0.5.1.tgz not in flight; adding
151 verbose addRemoteTarball [ 'https://registry.npmjs.org/mkdirp/-/mkdirp-0.5.1.tgz',
151 verbose addRemoteTarball   '30057438eac6cf7f8c4767f38648d6697d75c903' ]
152 info retry fetch attempt 1 at 10:19:14 AM
153 info attempt registry request try #1 at 10:19:14 AM
154 http fetch GET https://registry.npmjs.org/mkdirp/-/mkdirp-0.5.1.tgz
155 http fetch 200 https://registry.npmjs.org/ejs/-/ejs-2.5.7.tgz
156 silly fetchAndShaCheck shasum cc872c168880ae3c7189762fd5ffc00896c9518a
157 verbose addTmpTarball /tmp/npm-4221-922b3355/registry.npmjs.org/ejs/-/ejs-2.5.7.tgz not in flight; adding
158 verbose addTmpTarball already have metadata; skipping unpack for ejs@2.5.7
159 silly cache afterAdd ejs@2.5.7
160 verbose afterAdd /home/aldair/.npm/ejs/2.5.7/package/package.json not in flight; writing
161 verbose afterAdd /home/aldair/.npm/ejs/2.5.7/package/package.json written
162 http 200 https://registry.npmjs.org/commander
163 verbose headers { 'content-type': 'application/json; charset=UTF-8',
163 verbose headers   server: 'UploadServer',
163 verbose headers   'cache-control': 'max-age=300',
163 verbose headers   'last-modified': 'Tue, 12 Dec 2017 12:14:56 GMT',
163 verbose headers   etag: '"5a2fc840-130c1"',
163 verbose headers   'content-length': '78017',
163 verbose headers   'accept-ranges': 'bytes',
163 verbose headers   date: 'Tue, 12 Dec 2017 15:19:14 GMT',
163 verbose headers   via: '1.1 varnish',
163 verbose headers   age: '10979',
163 verbose headers   connection: 'keep-alive',
163 verbose headers   'x-served-by': 'cache-mia17624-MIA',
163 verbose headers   'x-cache': 'HIT',
163 verbose headers   'x-cache-hits': '34',
163 verbose headers   'x-timer': 'S1513091954.203339,VS0,VE0',
163 verbose headers   vary: 'Accept-Encoding, Accept' }
164 silly get cb [ 200,
164 silly get   { 'content-type': 'application/json; charset=UTF-8',
164 silly get     server: 'UploadServer',
164 silly get     'cache-control': 'max-age=300',
164 silly get     'last-modified': 'Tue, 12 Dec 2017 12:14:56 GMT',
164 silly get     etag: '"5a2fc840-130c1"',
164 silly get     'content-length': '78017',
164 silly get     'accept-ranges': 'bytes',
164 silly get     date: 'Tue, 12 Dec 2017 15:19:14 GMT',
164 silly get     via: '1.1 varnish',
164 silly get     age: '10979',
164 silly get     connection: 'keep-alive',
164 silly get     'x-served-by': 'cache-mia17624-MIA',
164 silly get     'x-cache': 'HIT',
164 silly get     'x-cache-hits': '34',
164 silly get     'x-timer': 'S1513091954.203339,VS0,VE0',
164 silly get     vary: 'Accept-Encoding, Accept' } ]
165 verbose get saving commander to /home/aldair/.npm/registry.npmjs.org/commander/.cache.json
166 silly resolveWithNewModule commander@2.11.0 checking installable status
167 silly cache add args [ 'commander@2.11.0', null ]
168 verbose cache add spec commander@2.11.0
169 silly cache add parsed spec Result {
169 silly cache add   raw: 'commander@2.11.0',
169 silly cache add   scope: null,
169 silly cache add   name: 'commander',
169 silly cache add   rawSpec: '2.11.0',
169 silly cache add   spec: '2.11.0',
169 silly cache add   type: 'version' }
170 silly addNamed commander@2.11.0
171 verbose addNamed "2.11.0" is a plain semver version for commander
172 silly mapToRegistry name commander
173 silly mapToRegistry using default registry
174 silly mapToRegistry registry https://registry.npmjs.org/
175 silly mapToRegistry uri https://registry.npmjs.org/commander
176 verbose addNameVersion registry:https://registry.npmjs.org/commander not in flight; fetching
177 verbose get https://registry.npmjs.org/commander not expired, no request
178 silly mapToRegistry name commander
179 silly mapToRegistry using default registry
180 silly mapToRegistry registry https://registry.npmjs.org/
181 silly mapToRegistry uri https://registry.npmjs.org/commander
182 verbose addRemoteTarball https://registry.npmjs.org/commander/-/commander-2.11.0.tgz not in flight; adding
183 verbose addRemoteTarball [ 'https://registry.npmjs.org/commander/-/commander-2.11.0.tgz',
183 verbose addRemoteTarball   '157152fd1e7a6c8d98a5b715cf376df928004563' ]
184 info retry fetch attempt 1 at 10:19:18 AM
185 info attempt registry request try #1 at 10:19:18 AM
186 http fetch GET https://registry.npmjs.org/commander/-/commander-2.11.0.tgz
187 http fetch 200 https://registry.npmjs.org/mkdirp/-/mkdirp-0.5.1.tgz
188 silly fetchAndShaCheck shasum 30057438eac6cf7f8c4767f38648d6697d75c903
189 verbose addTmpTarball /tmp/npm-4221-922b3355/registry.npmjs.org/mkdirp/-/mkdirp-0.5.1.tgz not in flight; adding
190 verbose addTmpTarball already have metadata; skipping unpack for mkdirp@0.5.1
191 silly cache afterAdd mkdirp@0.5.1
192 verbose afterAdd /home/aldair/.npm/mkdirp/0.5.1/package/package.json not in flight; writing
193 verbose afterAdd /home/aldair/.npm/mkdirp/0.5.1/package/package.json written
194 info retry will retry, error on last attempt: Error: connect ETIMEDOUT 151.101.4.162:443
195 info retry will retry, error on last attempt: Error: connect ETIMEDOUT 151.101.4.162:443
196 info attempt registry request try #2 at 10:21:29 AM
197 http request GET https://registry.npmjs.org/sorted-object
198 info attempt registry request try #2 at 10:21:38 AM
199 http fetch GET https://registry.npmjs.org/commander/-/commander-2.11.0.tgz
200 http fetch 200 https://registry.npmjs.org/commander/-/commander-2.11.0.tgz
201 silly fetchAndShaCheck shasum 157152fd1e7a6c8d98a5b715cf376df928004563
202 verbose addTmpTarball /tmp/npm-4221-922b3355/registry.npmjs.org/commander/-/commander-2.11.0.tgz not in flight; adding
203 verbose addTmpTarball already have metadata; skipping unpack for commander@2.11.0
204 silly cache afterAdd commander@2.11.0
205 verbose afterAdd /home/aldair/.npm/commander/2.11.0/package/package.json not in flight; writing
206 verbose afterAdd /home/aldair/.npm/commander/2.11.0/package/package.json written
207 http 200 https://registry.npmjs.org/sorted-object
208 verbose headers { 'content-type': 'application/json; charset=UTF-8',
208 verbose headers   server: 'UploadServer',
208 verbose headers   'cache-control': 'max-age=300',
208 verbose headers   'last-modified': 'Sat, 10 Sep 2016 23:39:29 GMT',
208 verbose headers   etag: '"57d499b1-1545"',
208 verbose headers   'content-length': '5445',
208 verbose headers   'accept-ranges': 'bytes',
208 verbose headers   date: 'Tue, 12 Dec 2017 15:21:58 GMT',
208 verbose headers   via: '1.1 varnish',
208 verbose headers   age: '12417',
208 verbose headers   connection: 'keep-alive',
208 verbose headers   'x-served-by': 'cache-mia17629-MIA',
208 verbose headers   'x-cache': 'HIT',
208 verbose headers   'x-cache-hits': '1',
208 verbose headers   'x-timer': 'S1513092118.266953,VS0,VE0',
208 verbose headers   vary: 'Accept-Encoding, Accept' }
209 silly get cb [ 200,
209 silly get   { 'content-type': 'application/json; charset=UTF-8',
209 silly get     server: 'UploadServer',
209 silly get     'cache-control': 'max-age=300',
209 silly get     'last-modified': 'Sat, 10 Sep 2016 23:39:29 GMT',
209 silly get     etag: '"57d499b1-1545"',
209 silly get     'content-length': '5445',
209 silly get     'accept-ranges': 'bytes',
209 silly get     date: 'Tue, 12 Dec 2017 15:21:58 GMT',
209 silly get     via: '1.1 varnish',
209 silly get     age: '12417',
209 silly get     connection: 'keep-alive',
209 silly get     'x-served-by': 'cache-mia17629-MIA',
209 silly get     'x-cache': 'HIT',
209 silly get     'x-cache-hits': '1',
209 silly get     'x-timer': 'S1513092118.266953,VS0,VE0',
209 silly get     vary: 'Accept-Encoding, Accept' } ]
210 verbose get saving sorted-object to /home/aldair/.npm/registry.npmjs.org/sorted-object/.cache.json
211 silly resolveWithNewModule sorted-object@2.0.1 checking installable status
212 silly cache add args [ 'sorted-object@2.0.1', null ]
213 verbose cache add spec sorted-object@2.0.1
214 silly cache add parsed spec Result {
214 silly cache add   raw: 'sorted-object@2.0.1',
214 silly cache add   scope: null,
214 silly cache add   name: 'sorted-object',
214 silly cache add   rawSpec: '2.0.1',
214 silly cache add   spec: '2.0.1',
214 silly cache add   type: 'version' }
215 silly addNamed sorted-object@2.0.1
216 verbose addNamed "2.0.1" is a plain semver version for sorted-object
217 silly mapToRegistry name sorted-object
218 silly mapToRegistry using default registry
219 silly mapToRegistry registry https://registry.npmjs.org/
220 silly mapToRegistry uri https://registry.npmjs.org/sorted-object
221 verbose addNameVersion registry:https://registry.npmjs.org/sorted-object not in flight; fetching
222 verbose get https://registry.npmjs.org/sorted-object not expired, no request
223 silly mapToRegistry name sorted-object
224 silly mapToRegistry using default registry
225 silly mapToRegistry registry https://registry.npmjs.org/
226 silly mapToRegistry uri https://registry.npmjs.org/sorted-object
227 verbose addRemoteTarball https://registry.npmjs.org/sorted-object/-/sorted-object-2.0.1.tgz not in flight; adding
228 verbose addRemoteTarball [ 'https://registry.npmjs.org/sorted-object/-/sorted-object-2.0.1.tgz',
228 verbose addRemoteTarball   '7d631f4bd3a798a24af1dffcfbfe83337a5df5fc' ]
229 info retry fetch attempt 1 at 10:22:01 AM
230 info attempt registry request try #1 at 10:22:01 AM
231 http fetch GET https://registry.npmjs.org/sorted-object/-/sorted-object-2.0.1.tgz
232 http fetch 200 https://registry.npmjs.org/sorted-object/-/sorted-object-2.0.1.tgz
233 silly fetchAndShaCheck shasum 7d631f4bd3a798a24af1dffcfbfe83337a5df5fc
234 verbose addTmpTarball /tmp/npm-4221-922b3355/registry.npmjs.org/sorted-object/-/sorted-object-2.0.1.tgz not in flight; adding
235 verbose addTmpTarball already have metadata; skipping unpack for sorted-object@2.0.1
236 silly cache afterAdd sorted-object@2.0.1
237 verbose afterAdd /home/aldair/.npm/sorted-object/2.0.1/package/package.json not in flight; writing
238 verbose afterAdd /home/aldair/.npm/sorted-object/2.0.1/package/package.json written
239 silly fetchNamedPackageData minimist
240 silly mapToRegistry name minimist
241 silly mapToRegistry using default registry
242 silly mapToRegistry registry https://registry.npmjs.org/
243 silly mapToRegistry uri https://registry.npmjs.org/minimist
244 verbose request uri https://registry.npmjs.org/minimist
245 verbose request no auth needed
246 info attempt registry request try #1 at 10:22:02 AM
247 verbose etag W/"59e893ee-77e6"
248 verbose lastModified Thu, 19 Oct 2017 12:00:46 GMT
249 http request GET https://registry.npmjs.org/minimist
250 info retry will retry, error on last attempt: Error: connect ETIMEDOUT 151.101.4.162:443
251 info attempt registry request try #2 at 10:24:21 AM
252 verbose etag W/"59e893ee-77e6"
253 verbose lastModified Thu, 19 Oct 2017 12:00:46 GMT
254 http request GET https://registry.npmjs.org/minimist
255 http 200 https://registry.npmjs.org/minimist
256 verbose headers { 'content-type': 'application/json; charset=UTF-8',
256 verbose headers   server: 'UploadServer',
256 verbose headers   'cache-control': 'max-age=300',
256 verbose headers   'last-modified': 'Sun, 10 Dec 2017 21:46:14 GMT',
256 verbose headers   etag: '"5a2dab26-7880"',
256 verbose headers   'content-length': '30848',
256 verbose headers   'accept-ranges': 'bytes',
256 verbose headers   date: 'Tue, 12 Dec 2017 15:24:50 GMT',
256 verbose headers   via: '1.1 varnish',
256 verbose headers   age: '5718',
256 verbose headers   connection: 'keep-alive',
256 verbose headers   'x-served-by': 'cache-mia17624-MIA',
256 verbose headers   'x-cache': 'HIT',
256 verbose headers   'x-cache-hits': '73',
256 verbose headers   'x-timer': 'S1513092291.646572,VS0,VE0',
256 verbose headers   vary: 'Accept-Encoding, Accept' }
257 silly get cb [ 200,
257 silly get   { 'content-type': 'application/json; charset=UTF-8',
257 silly get     server: 'UploadServer',
257 silly get     'cache-control': 'max-age=300',
257 silly get     'last-modified': 'Sun, 10 Dec 2017 21:46:14 GMT',
257 silly get     etag: '"5a2dab26-7880"',
257 silly get     'content-length': '30848',
257 silly get     'accept-ranges': 'bytes',
257 silly get     date: 'Tue, 12 Dec 2017 15:24:50 GMT',
257 silly get     via: '1.1 varnish',
257 silly get     age: '5718',
257 silly get     connection: 'keep-alive',
257 silly get     'x-served-by': 'cache-mia17624-MIA',
257 silly get     'x-cache': 'HIT',
257 silly get     'x-cache-hits': '73',
257 silly get     'x-timer': 'S1513092291.646572,VS0,VE0',
257 silly get     vary: 'Accept-Encoding, Accept' } ]
258 verbose get saving minimist to /home/aldair/.npm/registry.npmjs.org/minimist/.cache.json
259 silly resolveWithNewModule minimist@0.0.8 checking installable status
260 silly cache add args [ 'minimist@0.0.8', null ]
261 verbose cache add spec minimist@0.0.8
262 silly cache add parsed spec Result {
262 silly cache add   raw: 'minimist@0.0.8',
262 silly cache add   scope: null,
262 silly cache add   name: 'minimist',
262 silly cache add   rawSpec: '0.0.8',
262 silly cache add   spec: '0.0.8',
262 silly cache add   type: 'version' }
263 silly addNamed minimist@0.0.8
264 verbose addNamed "0.0.8" is a plain semver version for minimist
265 silly mapToRegistry name minimist
266 silly mapToRegistry using default registry
267 silly mapToRegistry registry https://registry.npmjs.org/
268 silly mapToRegistry uri https://registry.npmjs.org/minimist
269 verbose addNameVersion registry:https://registry.npmjs.org/minimist not in flight; fetching
270 verbose get https://registry.npmjs.org/minimist not expired, no request
271 silly mapToRegistry name minimist
272 silly mapToRegistry using default registry
273 silly mapToRegistry registry https://registry.npmjs.org/
274 silly mapToRegistry uri https://registry.npmjs.org/minimist
275 verbose addRemoteTarball https://registry.npmjs.org/minimist/-/minimist-0.0.8.tgz not in flight; adding
276 verbose addRemoteTarball [ 'https://registry.npmjs.org/minimist/-/minimist-0.0.8.tgz',
276 verbose addRemoteTarball   '857fcabfc3397d2625b8228262e86aa7a011b05d' ]
277 info retry fetch attempt 1 at 10:24:55 AM
278 info attempt registry request try #1 at 10:24:55 AM
279 http fetch GET https://registry.npmjs.org/minimist/-/minimist-0.0.8.tgz
280 http fetch 200 https://registry.npmjs.org/minimist/-/minimist-0.0.8.tgz
281 silly fetchAndShaCheck shasum 857fcabfc3397d2625b8228262e86aa7a011b05d
282 verbose addTmpTarball /tmp/npm-4221-922b3355/registry.npmjs.org/minimist/-/minimist-0.0.8.tgz not in flight; adding
283 verbose addTmpTarball already have metadata; skipping unpack for minimist@0.0.8
284 silly cache afterAdd minimist@0.0.8
285 verbose afterAdd /home/aldair/.npm/minimist/0.0.8/package/package.json not in flight; writing
286 verbose afterAdd /home/aldair/.npm/minimist/0.0.8/package/package.json written
287 silly loadAllDepsIntoIdealTree Finishing
288 silly idealTree:prePrune lib
288 silly idealTree:prePrune └─┬ express-generator@4.15.5
288 silly idealTree:prePrune   ├── commander@2.11.0
288 silly idealTree:prePrune   ├── ejs@2.5.7
288 silly idealTree:prePrune   ├── minimist@0.0.8
288 silly idealTree:prePrune   ├── mkdirp@0.5.1
288 silly idealTree:prePrune   └── sorted-object@2.0.1
289 silly loadIdealTree Finishing
290 silly currentTree lib
291 silly idealTree lib
291 silly idealTree └─┬ express-generator@4.15.5
291 silly idealTree   ├── commander@2.11.0
291 silly idealTree   ├── ejs@2.5.7
291 silly idealTree   ├── minimist@0.0.8
291 silly idealTree   ├── mkdirp@0.5.1
291 silly idealTree   └── sorted-object@2.0.1
292 silly generateActionsToTake Starting
293 silly install generateActionsToTake
294 warn checkPermissions Missing write access to /usr/local/lib/node_modules
295 silly rollbackFailedOptional Starting
296 silly rollbackFailedOptional Finishing
297 silly runTopLevelLifecycles Starting
298 silly runTopLevelLifecycles Finishing
299 silly install printInstalled
300 verbose stack Error: EACCES: permission denied, access '/usr/local/lib/node_modules'
300 verbose stack     at Error (native)
301 verbose cwd /home/aldair/Desktop/GitHub/miltonvera96.github.io/peluqueria
302 error Linux 4.10.0-40-generic
303 error argv "/usr/bin/nodejs" "/usr/bin/npm" "install" "express-generator" "-g" "--save"
304 error node v4.2.6
305 error npm  v3.5.2
306 error path /usr/local/lib/node_modules
307 error code EACCES
308 error errno -13
309 error syscall access
310 error Error: EACCES: permission denied, access '/usr/local/lib/node_modules'
310 error     at Error (native)
310 error  { [Error: EACCES: permission denied, access '/usr/local/lib/node_modules']
310 error   errno: -13,
310 error   code: 'EACCES',
310 error   syscall: 'access',
310 error   path: '/usr/local/lib/node_modules' }
311 error Please try running this command again as root/Administrator.
312 verbose exit [ -13, true ]
